<?xml version="1.0" encoding="UTF-8"?>
<!-- Generated by org.testng.reporters.JUnitReportReporter -->
<testsuite hostname="DESKTOP-8DGL75B" failures="0" tests="1" name="com.assignments.AutomationScript" time="132.366" errors="0" timestamp="2022-06-03T21:35:07 IST" skipped="0">
  <testcase classname="com.assignments.AutomationScript" name="testScriptTest" time="132.366"/>
  <system-out/>
</testsuite> <!-- com.assignments.AutomationScript -->
